2022-09-02 13:44:29,056 INFO org.springframework.boot.StartupInfoLogger [main] Starting Application using Java 11.0.16 on 10.0.0.62 with PID 27422 (/Users/frankblau/ml2/marklogic-data-hub-central-5.7.2.war started by frankblau in /Users/frankblau/ml2)
2022-09-02 13:44:29,059 INFO org.springframework.boot.SpringApplication [main] No active profile set, falling back to 1 default profile: "default"
2022-09-02 13:44:30,777 INFO org.apache.juli.logging.DirectJDKLog [main] Initializing ProtocolHandler ["http-nio-8080"]
2022-09-02 13:44:30,778 INFO org.apache.juli.logging.DirectJDKLog [main] Starting service [Tomcat]
2022-09-02 13:44:30,778 INFO org.apache.juli.logging.DirectJDKLog [main] Starting Servlet engine: [Apache Tomcat/9.0.60]
2022-09-02 13:44:32,080 INFO org.apache.juli.logging.DirectJDKLog [main] Initializing Spring embedded WebApplicationContext
2022-09-02 13:44:32,359 INFO com.marklogic.hub.central.HubCentral [main] Will connect to MarkLogic host: localhost
2022-09-02 13:44:32,360 INFO com.marklogic.hub.central.HubCentral [main] Hub Central is available at port: 8080
2022-09-02 13:44:33,305 INFO org.apache.juli.logging.DirectJDKLog [main] Starting ProtocolHandler ["http-nio-8080"]
2022-09-02 13:44:34,233 INFO org.springframework.boot.StartupInfoLogger [main] Started Application in 5.806 seconds (JVM running for 6.374)
2022-09-02 13:44:49,652 INFO org.apache.juli.logging.DirectJDKLog [http-nio-8080-exec-1] Initializing Spring DispatcherServlet 'dispatcherServlet'
2022-09-02 13:44:52,637 INFO com.marklogic.appdeployer.DefaultAppConfigFactory [http-nio-8080-exec-3] App host: localhost
2022-09-02 13:44:52,638 INFO com.marklogic.appdeployer.DefaultAppConfigFactory [http-nio-8080-exec-3] REST admin username: dh
2022-09-02 13:44:52,639 INFO com.marklogic.appdeployer.DefaultAppConfigFactory [http-nio-8080-exec-3] App Services username: dh
2022-09-02 13:44:52,651 INFO com.marklogic.mgmt.admin.DefaultAdminConfigFactory [http-nio-8080-exec-3] Admin interface host: localhost
2022-09-02 13:44:52,652 INFO com.marklogic.mgmt.admin.DefaultAdminConfigFactory [http-nio-8080-exec-3] Admin interface username: dh
2022-09-02 13:44:52,660 INFO com.marklogic.mgmt.DefaultManageConfigFactory [http-nio-8080-exec-3] Manage host: localhost
2022-09-02 13:44:52,660 INFO com.marklogic.mgmt.DefaultManageConfigFactory [http-nio-8080-exec-3] Manage username: dh
2022-09-02 13:44:52,661 INFO com.marklogic.mgmt.DefaultManageConfigFactory [http-nio-8080-exec-3] Manage user with security role: dh
2022-09-02 13:44:52,903 INFO com.marklogic.mgmt.ManageClient [http-nio-8080-exec-3] Initializing ManageClient with manage config of: [ManageConfig host: localhost, port: 8002, username: dh, security username: dh]
2022-09-02 13:44:53,115 INFO com.marklogic.mgmt.ManageClient [http-nio-8080-exec-3] Initializing ManageClient with manage config of: [ManageConfig host: localhost, port: 8002, username: dh, security username: dh]
2022-09-02 13:45:27,067 INFO com.marklogic.hub.central.controllers.FlowController [http-nio-8080-exec-8] Uploading files to /var/folders/1p/y8j6z17s5vj6brmrpm4stk7w0000gn/T/ingestion-11605379086045091701 in the server. If 'inputFilePath'  is specified in the ingestion step, this path overrides it.
2022-09-02 13:45:27,070 INFO com.marklogic.hub.central.controllers.FlowController [http-nio-8080-exec-8] Files successfully uploaded
2022-09-02 13:45:27,400 INFO com.marklogic.hub.step.impl.FileCollector [pool-1-thread-1] Finding files in directory: /var/folders/1p/y8j6z17s5vj6brmrpm4stk7w0000gn/T/ingestion-11605379086045091701
2022-09-02 13:45:27,972 INFO com.marklogic.client.datamovement.impl.WriteBatcherImpl [pool-1-thread-1] (withForestConfig) Using forests on [localhost] hosts for "data-hub-STAGING"
2022-09-02 13:45:27,974 INFO com.marklogic.client.datamovement.impl.WriteBatcherImpl [pool-1-thread-1] Adding DatabaseClient on port 8010 for host "localhost" to the rotation
2022-09-02 13:45:27,981 INFO com.marklogic.client.datamovement.impl.WriteBatcherImpl [pool-1-thread-1] threadCount=4
2022-09-02 13:45:27,982 INFO com.marklogic.client.datamovement.impl.WriteBatcherImpl [pool-1-thread-1] batchSize=100
2022-09-02 13:45:28,049 INFO com.marklogic.client.datamovement.impl.WriteBatcherImpl [Thread-1] flushing 90 queued docs
2022-09-02 13:56:01,454 INFO com.marklogic.hub.central.entities.search.EntitySearchManager [http-nio-8080-exec-4] <query xmlns="http://marklogic.com/appservices/search" xmlns:search="http://marklogic.com/appservices/search" xmlns:xs="http://www.w3.org/2001/XMLSchema" xmlns:xsi="http://www.w3.org/2001/XMLSchema-instance"><and-query/></query>
2022-09-02 13:56:02,282 INFO com.marklogic.hub.central.entities.search.EntitySearchManager [http-nio-8080-exec-2] <query xmlns="http://marklogic.com/appservices/search" xmlns:search="http://marklogic.com/appservices/search" xmlns:xs="http://www.w3.org/2001/XMLSchema" xmlns:xsi="http://www.w3.org/2001/XMLSchema-instance"><and-query/></query>
2022-09-02 14:19:50,287 ERROR org.apache.juli.logging.DirectJDKLog [http-nio-8080-exec-5] Servlet.service() for servlet [dispatcherServlet] threw exception
java.lang.IllegalStateException: Cannot create a session after the response has been committed
	at org.apache.catalina.connector.Request.doGetSession(Request.java:3060)
	at org.apache.catalina.connector.Request.getSession(Request.java:2492)
	at org.apache.catalina.connector.RequestFacade.getSession(RequestFacade.java:908)
	at javax.servlet.http.HttpServletRequestWrapper.getSession(HttpServletRequestWrapper.java:244)
	at org.apache.catalina.core.ApplicationHttpRequest.getSession(ApplicationHttpRequest.java:585)
	at org.apache.catalina.core.ApplicationHttpRequest.getSession(ApplicationHttpRequest.java:529)
	at com.marklogic.hub.central.auth.SessionMonitorInterceptor.preHandle(SessionMonitorInterceptor.java:31)
	at org.springframework.web.servlet.HandlerExecutionChain.applyPreHandle(HandlerExecutionChain.java:148)
	at org.springframework.web.servlet.DispatcherServlet.doDispatch(DispatcherServlet.java:1062)
	at org.springframework.web.servlet.DispatcherServlet.doService(DispatcherServlet.java:963)
	at org.springframework.web.servlet.FrameworkServlet.processRequest(FrameworkServlet.java:1006)
	at org.springframework.web.servlet.FrameworkServlet.doPost(FrameworkServlet.java:909)
	at javax.servlet.http.HttpServlet.service(HttpServlet.java:681)
	at org.springframework.web.servlet.FrameworkServlet.service(FrameworkServlet.java:883)
	at javax.servlet.http.HttpServlet.service(HttpServlet.java:764)
	at org.apache.catalina.core.ApplicationFilterChain.internalDoFilter(ApplicationFilterChain.java:227)
	at org.apache.catalina.core.ApplicationFilterChain.doFilter(ApplicationFilterChain.java:162)
	at org.springframework.web.filter.OncePerRequestFilter.doFilter(OncePerRequestFilter.java:102)
	at org.apache.catalina.core.ApplicationFilterChain.internalDoFilter(ApplicationFilterChain.java:189)
	at org.apache.catalina.core.ApplicationFilterChain.doFilter(ApplicationFilterChain.java:162)
	at org.springframework.web.filter.RequestContextFilter.doFilterInternal(RequestContextFilter.java:100)
	at org.springframework.web.filter.OncePerRequestFilter.doFilter(OncePerRequestFilter.java:117)
	at org.apache.catalina.core.ApplicationFilterChain.internalDoFilter(ApplicationFilterChain.java:189)
	at org.apache.catalina.core.ApplicationFilterChain.doFilter(ApplicationFilterChain.java:162)
	at org.springframework.web.filter.OncePerRequestFilter.doFilter(OncePerRequestFilter.java:102)
	at org.apache.catalina.core.ApplicationFilterChain.internalDoFilter(ApplicationFilterChain.java:189)
	at org.apache.catalina.core.ApplicationFilterChain.doFilter(ApplicationFilterChain.java:162)
	at org.springframework.web.filter.OncePerRequestFilter.doFilter(OncePerRequestFilter.java:102)
	at org.apache.catalina.core.ApplicationFilterChain.internalDoFilter(ApplicationFilterChain.java:189)
	at org.apache.catalina.core.ApplicationFilterChain.doFilter(ApplicationFilterChain.java:162)
	at org.apache.catalina.core.ApplicationDispatcher.invoke(ApplicationDispatcher.java:711)
	at org.apache.catalina.core.ApplicationDispatcher.doInclude(ApplicationDispatcher.java:578)
	at org.apache.catalina.core.ApplicationDispatcher.include(ApplicationDispatcher.java:517)
	at org.apache.catalina.core.StandardHostValve.custom(StandardHostValve.java:384)
	at org.apache.catalina.core.StandardHostValve.throwable(StandardHostValve.java:327)
	at org.apache.catalina.core.AsyncContextImpl.setErrorState(AsyncContextImpl.java:439)
	at org.apache.catalina.connector.CoyoteAdapter.asyncDispatch(CoyoteAdapter.java:167)
	at org.apache.coyote.AbstractProcessor.dispatch(AbstractProcessor.java:241)
	at org.apache.coyote.AbstractProcessorLight.process(AbstractProcessorLight.java:59)
	at org.apache.coyote.AbstractProtocol$ConnectionHandler.process(AbstractProtocol.java:889)
	at org.apache.tomcat.util.net.NioEndpoint$SocketProcessor.doRun(NioEndpoint.java:1743)
	at org.apache.tomcat.util.net.SocketProcessorBase.run(SocketProcessorBase.java:49)
	at org.apache.tomcat.util.threads.ThreadPoolExecutor.runWorker(ThreadPoolExecutor.java:1191)
	at org.apache.tomcat.util.threads.ThreadPoolExecutor$Worker.run(ThreadPoolExecutor.java:659)
	at org.apache.tomcat.util.threads.TaskThread$WrappingRunnable.run(TaskThread.java:61)
	at java.base/java.lang.Thread.run(Thread.java:834)
2022-09-02 14:19:50,289 ERROR org.apache.juli.logging.DirectJDKLog [http-nio-8080-exec-5] Exception Processing ErrorPage[exceptionType=java.lang.Throwable, location=/error]
org.springframework.web.util.NestedServletException: Request processing failed; nested exception is java.lang.IllegalStateException: Cannot create a session after the response has been committed
	at org.springframework.web.servlet.FrameworkServlet.processRequest(FrameworkServlet.java:1014)
	at org.springframework.web.servlet.FrameworkServlet.doPost(FrameworkServlet.java:909)
	at javax.servlet.http.HttpServlet.service(HttpServlet.java:681)
	at org.springframework.web.servlet.FrameworkServlet.service(FrameworkServlet.java:883)
	at javax.servlet.http.HttpServlet.service(HttpServlet.java:764)
	at org.apache.catalina.core.ApplicationFilterChain.internalDoFilter(ApplicationFilterChain.java:227)
	at org.apache.catalina.core.ApplicationFilterChain.doFilter(ApplicationFilterChain.java:162)
	at org.springframework.web.filter.OncePerRequestFilter.doFilter(OncePerRequestFilter.java:102)
	at org.apache.catalina.core.ApplicationFilterChain.internalDoFilter(ApplicationFilterChain.java:189)
	at org.apache.catalina.core.ApplicationFilterChain.doFilter(ApplicationFilterChain.java:162)
	at org.springframework.web.filter.RequestContextFilter.doFilterInternal(RequestContextFilter.java:100)
	at org.springframework.web.filter.OncePerRequestFilter.doFilter(OncePerRequestFilter.java:117)
	at org.apache.catalina.core.ApplicationFilterChain.internalDoFilter(ApplicationFilterChain.java:189)
	at org.apache.catalina.core.ApplicationFilterChain.doFilter(ApplicationFilterChain.java:162)
	at org.springframework.web.filter.OncePerRequestFilter.doFilter(OncePerRequestFilter.java:102)
	at org.apache.catalina.core.ApplicationFilterChain.internalDoFilter(ApplicationFilterChain.java:189)
	at org.apache.catalina.core.ApplicationFilterChain.doFilter(ApplicationFilterChain.java:162)
	at org.springframework.web.filter.OncePerRequestFilter.doFilter(OncePerRequestFilter.java:102)
	at org.apache.catalina.core.ApplicationFilterChain.internalDoFilter(ApplicationFilterChain.java:189)
	at org.apache.catalina.core.ApplicationFilterChain.doFilter(ApplicationFilterChain.java:162)
	at org.apache.catalina.core.ApplicationDispatcher.invoke(ApplicationDispatcher.java:711)
	at org.apache.catalina.core.ApplicationDispatcher.doInclude(ApplicationDispatcher.java:578)
	at org.apache.catalina.core.ApplicationDispatcher.include(ApplicationDispatcher.java:517)
	at org.apache.catalina.core.StandardHostValve.custom(StandardHostValve.java:384)
	at org.apache.catalina.core.StandardHostValve.throwable(StandardHostValve.java:327)
	at org.apache.catalina.core.AsyncContextImpl.setErrorState(AsyncContextImpl.java:439)
	at org.apache.catalina.connector.CoyoteAdapter.asyncDispatch(CoyoteAdapter.java:167)
	at org.apache.coyote.AbstractProcessor.dispatch(AbstractProcessor.java:241)
	at org.apache.coyote.AbstractProcessorLight.process(AbstractProcessorLight.java:59)
	at org.apache.coyote.AbstractProtocol$ConnectionHandler.process(AbstractProtocol.java:889)
	at org.apache.tomcat.util.net.NioEndpoint$SocketProcessor.doRun(NioEndpoint.java:1743)
	at org.apache.tomcat.util.net.SocketProcessorBase.run(SocketProcessorBase.java:49)
	at org.apache.tomcat.util.threads.ThreadPoolExecutor.runWorker(ThreadPoolExecutor.java:1191)
	at org.apache.tomcat.util.threads.ThreadPoolExecutor$Worker.run(ThreadPoolExecutor.java:659)
	at org.apache.tomcat.util.threads.TaskThread$WrappingRunnable.run(TaskThread.java:61)
	at java.base/java.lang.Thread.run(Thread.java:834)
Caused by: java.lang.IllegalStateException: Cannot create a session after the response has been committed
	at org.apache.catalina.connector.Request.doGetSession(Request.java:3060)
	at org.apache.catalina.connector.Request.getSession(Request.java:2492)
	at org.apache.catalina.connector.RequestFacade.getSession(RequestFacade.java:908)
	at javax.servlet.http.HttpServletRequestWrapper.getSession(HttpServletRequestWrapper.java:244)
	at org.apache.catalina.core.ApplicationHttpRequest.getSession(ApplicationHttpRequest.java:585)
	at org.apache.catalina.core.ApplicationHttpRequest.getSession(ApplicationHttpRequest.java:529)
	at com.marklogic.hub.central.auth.SessionMonitorInterceptor.preHandle(SessionMonitorInterceptor.java:31)
	at org.springframework.web.servlet.HandlerExecutionChain.applyPreHandle(HandlerExecutionChain.java:148)
	at org.springframework.web.servlet.DispatcherServlet.doDispatch(DispatcherServlet.java:1062)
	at org.springframework.web.servlet.DispatcherServlet.doService(DispatcherServlet.java:963)
	at org.springframework.web.servlet.FrameworkServlet.processRequest(FrameworkServlet.java:1006)
	... 35 common frames omitted
2022-09-02 14:39:29,070 INFO com.marklogic.appdeployer.DefaultAppConfigFactory [http-nio-8080-exec-6] App host: localhost
2022-09-02 14:39:29,071 INFO com.marklogic.appdeployer.DefaultAppConfigFactory [http-nio-8080-exec-6] REST admin username: dh
2022-09-02 14:39:29,071 INFO com.marklogic.appdeployer.DefaultAppConfigFactory [http-nio-8080-exec-6] App Services username: dh
2022-09-02 14:39:29,071 INFO com.marklogic.mgmt.admin.DefaultAdminConfigFactory [http-nio-8080-exec-6] Admin interface host: localhost
2022-09-02 14:39:29,072 INFO com.marklogic.mgmt.admin.DefaultAdminConfigFactory [http-nio-8080-exec-6] Admin interface username: dh
2022-09-02 14:39:29,072 INFO com.marklogic.mgmt.DefaultManageConfigFactory [http-nio-8080-exec-6] Manage host: localhost
2022-09-02 14:39:29,072 INFO com.marklogic.mgmt.DefaultManageConfigFactory [http-nio-8080-exec-6] Manage username: dh
2022-09-02 14:39:29,072 INFO com.marklogic.mgmt.DefaultManageConfigFactory [http-nio-8080-exec-6] Manage user with security role: dh
2022-09-02 14:39:29,081 INFO com.marklogic.mgmt.ManageClient [http-nio-8080-exec-6] Initializing ManageClient with manage config of: [ManageConfig host: localhost, port: 8002, username: dh, security username: dh]
2022-09-02 14:39:29,090 INFO com.marklogic.mgmt.ManageClient [http-nio-8080-exec-6] Initializing ManageClient with manage config of: [ManageConfig host: localhost, port: 8002, username: dh, security username: dh]
2022-09-02 14:49:56,623 INFO com.marklogic.hub.central.entities.search.EntitySearchManager [http-nio-8080-exec-4] <query xmlns="http://marklogic.com/appservices/search" xmlns:search="http://marklogic.com/appservices/search" xmlns:xs="http://www.w3.org/2001/XMLSchema" xmlns:xsi="http://www.w3.org/2001/XMLSchema-instance"><and-query/></query>
2022-09-02 14:49:56,925 INFO com.marklogic.hub.central.entities.search.EntitySearchManager [http-nio-8080-exec-9] <query xmlns="http://marklogic.com/appservices/search" xmlns:search="http://marklogic.com/appservices/search" xmlns:xs="http://www.w3.org/2001/XMLSchema" xmlns:xsi="http://www.w3.org/2001/XMLSchema-instance"><and-query/></query>
2022-09-02 14:49:57,378 INFO com.marklogic.hub.central.entities.search.EntitySearchManager [http-nio-8080-exec-3] <query xmlns="http://marklogic.com/appservices/search" xmlns:search="http://marklogic.com/appservices/search" xmlns:xs="http://www.w3.org/2001/XMLSchema" xmlns:xsi="http://www.w3.org/2001/XMLSchema-instance"><and-query/></query>
2022-09-02 14:58:28,869 INFO org.springframework.boot.StartupInfoLogger [main] Starting Application using Java 11.0.16 on 10.0.0.62 with PID 33279 (/Users/frankblau/ml2/marklogic-data-hub-central-5.7.2.war started by frankblau in /Users/frankblau/ml2)
2022-09-02 14:58:28,872 INFO org.springframework.boot.SpringApplication [main] No active profile set, falling back to 1 default profile: "default"
2022-09-02 14:58:30,431 INFO org.apache.juli.logging.DirectJDKLog [main] Initializing ProtocolHandler ["http-nio-8080"]
2022-09-02 14:58:30,432 INFO org.apache.juli.logging.DirectJDKLog [main] Starting service [Tomcat]
2022-09-02 14:58:30,432 INFO org.apache.juli.logging.DirectJDKLog [main] Starting Servlet engine: [Apache Tomcat/9.0.60]
2022-09-02 14:58:31,647 INFO org.apache.juli.logging.DirectJDKLog [main] Initializing Spring embedded WebApplicationContext
2022-09-02 14:58:31,965 INFO com.marklogic.hub.central.HubCentral [main] Will connect to MarkLogic host: localhost
2022-09-02 14:58:31,966 INFO com.marklogic.hub.central.HubCentral [main] Hub Central is available at port: 8080
2022-09-02 14:58:33,077 INFO org.apache.juli.logging.DirectJDKLog [main] Starting ProtocolHandler ["http-nio-8080"]
2022-09-02 14:58:33,892 INFO org.springframework.boot.StartupInfoLogger [main] Started Application in 5.626 seconds (JVM running for 6.13)
2022-09-02 14:58:37,578 INFO org.apache.juli.logging.DirectJDKLog [http-nio-8080-exec-1] Initializing Spring DispatcherServlet 'dispatcherServlet'
2022-09-02 14:58:40,208 INFO com.marklogic.appdeployer.DefaultAppConfigFactory [http-nio-8080-exec-7] App host: localhost
2022-09-02 14:58:40,209 INFO com.marklogic.appdeployer.DefaultAppConfigFactory [http-nio-8080-exec-7] REST admin username: dh
2022-09-02 14:58:40,209 INFO com.marklogic.appdeployer.DefaultAppConfigFactory [http-nio-8080-exec-7] App Services username: dh
2022-09-02 14:58:40,220 INFO com.marklogic.mgmt.admin.DefaultAdminConfigFactory [http-nio-8080-exec-7] Admin interface host: localhost
2022-09-02 14:58:40,220 INFO com.marklogic.mgmt.admin.DefaultAdminConfigFactory [http-nio-8080-exec-7] Admin interface username: dh
2022-09-02 14:58:40,225 INFO com.marklogic.mgmt.DefaultManageConfigFactory [http-nio-8080-exec-7] Manage host: localhost
2022-09-02 14:58:40,225 INFO com.marklogic.mgmt.DefaultManageConfigFactory [http-nio-8080-exec-7] Manage username: dh
2022-09-02 14:58:40,226 INFO com.marklogic.mgmt.DefaultManageConfigFactory [http-nio-8080-exec-7] Manage user with security role: dh
2022-09-02 14:58:40,434 INFO com.marklogic.mgmt.ManageClient [http-nio-8080-exec-7] Initializing ManageClient with manage config of: [ManageConfig host: localhost, port: 8002, username: dh, security username: dh]
2022-09-02 14:58:40,625 INFO com.marklogic.mgmt.ManageClient [http-nio-8080-exec-7] Initializing ManageClient with manage config of: [ManageConfig host: localhost, port: 8002, username: dh, security username: dh]
2022-09-02 15:02:33,314 ERROR org.apache.juli.logging.DirectJDKLog [http-nio-8080-exec-10] Servlet.service() for servlet [dispatcherServlet] in context with path [] threw exception [Request processing failed; nested exception is org.springframework.web.socket.sockjs.SockJsException: Uncaught failure in SockJS request, uri=http://localhost:8080/websocket/685/zpt4ybvt/xhr_streaming?t=1662123752633; nested exception is org.springframework.web.socket.sockjs.SockJsTransportFailureException: Failed to open session; nested exception is org.springframework.web.socket.sockjs.SockJsTransportFailureException: Failed to write SockJsFrame content='o'; nested exception is org.apache.catalina.connector.ClientAbortException: java.io.IOException: Broken pipe] with root cause
java.io.IOException: Broken pipe
	at java.base/sun.nio.ch.FileDispatcherImpl.write0(Native Method)
	at java.base/sun.nio.ch.SocketDispatcher.write(SocketDispatcher.java:47)
	at java.base/sun.nio.ch.IOUtil.writeFromNativeBuffer(IOUtil.java:113)
	at java.base/sun.nio.ch.IOUtil.write(IOUtil.java:79)
	at java.base/sun.nio.ch.IOUtil.write(IOUtil.java:50)
	at java.base/sun.nio.ch.SocketChannelImpl.write(SocketChannelImpl.java:466)
	at org.apache.tomcat.util.net.NioChannel.write(NioChannel.java:135)
	at org.apache.tomcat.util.net.NioEndpoint$NioSocketWrapper.doWrite(NioEndpoint.java:1384)
	at org.apache.tomcat.util.net.SocketWrapperBase.doWrite(SocketWrapperBase.java:766)
	at org.apache.tomcat.util.net.SocketWrapperBase.flushBlocking(SocketWrapperBase.java:719)
	at org.apache.tomcat.util.net.SocketWrapperBase.flush(SocketWrapperBase.java:709)
	at org.apache.coyote.http11.Http11OutputBuffer$SocketOutputBuffer.flush(Http11OutputBuffer.java:573)
	at org.apache.coyote.http11.filters.ChunkedOutputFilter.flush(ChunkedOutputFilter.java:157)
	at org.apache.coyote.http11.Http11OutputBuffer.flush(Http11OutputBuffer.java:221)
	at org.apache.coyote.http11.Http11Processor.flush(Http11Processor.java:1255)
	at org.apache.coyote.AbstractProcessor.action(AbstractProcessor.java:402)
	at org.apache.coyote.Response.action(Response.java:209)
	at org.apache.catalina.connector.OutputBuffer.doFlush(OutputBuffer.java:306)
	at org.apache.catalina.connector.OutputBuffer.flush(OutputBuffer.java:273)
	at org.apache.catalina.connector.Response.flushBuffer(Response.java:500)
	at org.apache.catalina.connector.ResponseFacade.flushBuffer(ResponseFacade.java:312)
	at javax.servlet.ServletResponseWrapper.flushBuffer(ServletResponseWrapper.java:181)
	at javax.servlet.ServletResponseWrapper.flushBuffer(ServletResponseWrapper.java:181)
	at org.springframework.security.web.util.OnCommittedResponseWrapper.flushBuffer(OnCommittedResponseWrapper.java:166)
	at javax.servlet.ServletResponseWrapper.flushBuffer(ServletResponseWrapper.java:181)
	at org.springframework.security.web.util.OnCommittedResponseWrapper.flushBuffer(OnCommittedResponseWrapper.java:166)
	at org.springframework.http.server.ServletServerHttpResponse.flush(ServletServerHttpResponse.java:104)
	at org.springframework.web.socket.sockjs.transport.session.AbstractHttpSockJsSession.writeFrameInternal(AbstractHttpSockJsSession.java:361)
	at org.springframework.web.socket.sockjs.transport.session.AbstractSockJsSession.writeFrame(AbstractSockJsSession.java:326)
	at org.springframework.web.socket.sockjs.transport.session.StreamingSockJsSession.handleRequestInternal(StreamingSockJsSession.java:64)
	at org.springframework.web.socket.sockjs.transport.session.AbstractHttpSockJsSession.handleInitialRequest(AbstractHttpSockJsSession.java:231)
	at org.springframework.web.socket.sockjs.transport.handler.AbstractHttpSendingTransportHandler.handleRequestInternal(AbstractHttpSendingTransportHandler.java:76)
	at org.springframework.web.socket.sockjs.transport.handler.AbstractHttpSendingTransportHandler.handleRequest(AbstractHttpSendingTransportHandler.java:66)
	at org.springframework.web.socket.sockjs.transport.TransportHandlingSockJsService.handleTransportRequest(TransportHandlingSockJsService.java:317)
	at org.springframework.web.socket.sockjs.support.AbstractSockJsService.handleRequest(AbstractSockJsService.java:484)
	at org.springframework.web.socket.sockjs.support.SockJsHttpRequestHandler.handleRequest(SockJsHttpRequestHandler.java:134)
	at org.springframework.web.servlet.mvc.HttpRequestHandlerAdapter.handle(HttpRequestHandlerAdapter.java:52)
	at org.springframework.web.servlet.DispatcherServlet.doDispatch(DispatcherServlet.java:1067)
	at org.springframework.web.servlet.DispatcherServlet.doService(DispatcherServlet.java:963)
	at org.springframework.web.servlet.FrameworkServlet.processRequest(FrameworkServlet.java:1006)
	at org.springframework.web.servlet.FrameworkServlet.doPost(FrameworkServlet.java:909)
	at javax.servlet.http.HttpServlet.service(HttpServlet.java:681)
	at org.springframework.web.servlet.FrameworkServlet.service(FrameworkServlet.java:883)
	at javax.servlet.http.HttpServlet.service(HttpServlet.java:764)
	at org.apache.catalina.core.ApplicationFilterChain.internalDoFilter(ApplicationFilterChain.java:227)
	at org.apache.catalina.core.ApplicationFilterChain.doFilter(ApplicationFilterChain.java:162)
	at org.apache.tomcat.websocket.server.WsFilter.doFilter(WsFilter.java:53)
	at org.apache.catalina.core.ApplicationFilterChain.internalDoFilter(ApplicationFilterChain.java:189)
	at org.apache.catalina.core.ApplicationFilterChain.doFilter(ApplicationFilterChain.java:162)
	at org.springframework.web.filter.AbstractRequestLoggingFilter.doFilterInternal(AbstractRequestLoggingFilter.java:289)
	at org.springframework.web.filter.OncePerRequestFilter.doFilter(OncePerRequestFilter.java:117)
	at org.apache.catalina.core.ApplicationFilterChain.internalDoFilter(ApplicationFilterChain.java:189)
	at org.apache.catalina.core.ApplicationFilterChain.doFilter(ApplicationFilterChain.java:162)
	at org.springframework.security.web.FilterChainProxy$VirtualFilterChain.doFilter(FilterChainProxy.java:327)
	at org.springframework.security.web.access.intercept.FilterSecurityInterceptor.invoke(FilterSecurityInterceptor.java:115)
	at org.springframework.security.web.access.intercept.FilterSecurityInterceptor.doFilter(FilterSecurityInterceptor.java:81)
	at org.springframework.security.web.FilterChainProxy$VirtualFilterChain.doFilter(FilterChainProxy.java:336)
	at org.springframework.security.web.access.ExceptionTranslationFilter.doFilter(ExceptionTranslationFilter.java:121)
	at org.springframework.security.web.access.ExceptionTranslationFilter.doFilter(ExceptionTranslationFilter.java:115)
	at org.springframework.security.web.FilterChainProxy$VirtualFilterChain.doFilter(FilterChainProxy.java:336)
	at org.springframework.security.web.session.SessionManagementFilter.doFilter(SessionManagementFilter.java:126)
	at org.springframework.security.web.session.SessionManagementFilter.doFilter(SessionManagementFilter.java:81)
	at org.springframework.security.web.FilterChainProxy$VirtualFilterChain.doFilter(FilterChainProxy.java:336)
	at org.springframework.security.web.authentication.AnonymousAuthenticationFilter.doFilter(AnonymousAuthenticationFilter.java:105)
	at org.springframework.security.web.FilterChainProxy$VirtualFilterChain.doFilter(FilterChainProxy.java:336)
	at org.springframework.security.web.servletapi.SecurityContextHolderAwareRequestFilter.doFilter(SecurityContextHolderAwareRequestFilter.java:149)
	at org.springframework.security.web.FilterChainProxy$VirtualFilterChain.doFilter(FilterChainProxy.java:336)
	at org.springframework.security.web.savedrequest.RequestCacheAwareFilter.doFilter(RequestCacheAwareFilter.java:63)
	at org.springframework.security.web.FilterChainProxy$VirtualFilterChain.doFilter(FilterChainProxy.java:336)
	at org.springframework.security.web.authentication.AbstractAuthenticationProcessingFilter.doFilter(AbstractAuthenticationProcessingFilter.java:218)
	at org.springframework.security.web.authentication.AbstractAuthenticationProcessingFilter.doFilter(AbstractAuthenticationProcessingFilter.java:212)
	at org.springframework.security.web.FilterChainProxy$VirtualFilterChain.doFilter(FilterChainProxy.java:336)
	at org.springframework.security.web.authentication.logout.LogoutFilter.doFilter(LogoutFilter.java:103)
	at org.springframework.security.web.authentication.logout.LogoutFilter.doFilter(LogoutFilter.java:89)
	at org.springframework.security.web.FilterChainProxy$VirtualFilterChain.doFilter(FilterChainProxy.java:336)
	at org.springframework.security.web.header.HeaderWriterFilter.doHeadersAfter(HeaderWriterFilter.java:90)
	at org.springframework.security.web.header.HeaderWriterFilter.doFilterInternal(HeaderWriterFilter.java:75)
	at org.springframework.web.filter.OncePerRequestFilter.doFilter(OncePerRequestFilter.java:117)
	at org.springframework.security.web.FilterChainProxy$VirtualFilterChain.doFilter(FilterChainProxy.java:336)
	at org.springframework.security.web.context.SecurityContextPersistenceFilter.doFilter(SecurityContextPersistenceFilter.java:110)
	at org.springframework.security.web.context.SecurityContextPersistenceFilter.doFilter(SecurityContextPersistenceFilter.java:80)
	at org.springframework.security.web.FilterChainProxy$VirtualFilterChain.doFilter(FilterChainProxy.java:336)
	at org.springframework.security.web.context.request.async.WebAsyncManagerIntegrationFilter.doFilterInternal(WebAsyncManagerIntegrationFilter.java:55)
	at org.springframework.web.filter.OncePerRequestFilter.doFilter(OncePerRequestFilter.java:117)
	at org.springframework.security.web.FilterChainProxy$VirtualFilterChain.doFilter(FilterChainProxy.java:336)
	at org.springframework.security.web.FilterChainProxy.doFilterInternal(FilterChainProxy.java:211)
	at org.springframework.security.web.FilterChainProxy.doFilter(FilterChainProxy.java:183)
	at org.springframework.web.filter.DelegatingFilterProxy.invokeDelegate(DelegatingFilterProxy.java:354)
	at org.springframework.web.filter.DelegatingFilterProxy.doFilter(DelegatingFilterProxy.java:267)
	at org.apache.catalina.core.ApplicationFilterChain.internalDoFilter(ApplicationFilterChain.java:189)
	at org.apache.catalina.core.ApplicationFilterChain.doFilter(ApplicationFilterChain.java:162)
	at org.springframework.web.filter.RequestContextFilter.doFilterInternal(RequestContextFilter.java:100)
	at org.springframework.web.filter.OncePerRequestFilter.doFilter(OncePerRequestFilter.java:117)
	at org.apache.catalina.core.ApplicationFilterChain.internalDoFilter(ApplicationFilterChain.java:189)
	at org.apache.catalina.core.ApplicationFilterChain.doFilter(ApplicationFilterChain.java:162)
	at org.springframework.web.filter.FormContentFilter.doFilterInternal(FormContentFilter.java:93)
	at org.springframework.web.filter.OncePerRequestFilter.doFilter(OncePerRequestFilter.java:117)
	at org.apache.catalina.core.ApplicationFilterChain.internalDoFilter(ApplicationFilterChain.java:189)
	at org.apache.catalina.core.ApplicationFilterChain.doFilter(ApplicationFilterChain.java:162)
	at org.springframework.boot.actuate.metrics.web.servlet.WebMvcMetricsFilter.doFilterInternal(WebMvcMetricsFilter.java:96)
	at org.springframework.web.filter.OncePerRequestFilter.doFilter(OncePerRequestFilter.java:117)
	at org.apache.catalina.core.ApplicationFilterChain.internalDoFilter(ApplicationFilterChain.java:189)
	at org.apache.catalina.core.ApplicationFilterChain.doFilter(ApplicationFilterChain.java:162)
	at org.springframework.web.filter.CharacterEncodingFilter.doFilterInternal(CharacterEncodingFilter.java:201)
	at org.springframework.web.filter.OncePerRequestFilter.doFilter(OncePerRequestFilter.java:117)
	at org.apache.catalina.core.ApplicationFilterChain.internalDoFilter(ApplicationFilterChain.java:189)
	at org.apache.catalina.core.ApplicationFilterChain.doFilter(ApplicationFilterChain.java:162)
	at org.apache.catalina.core.StandardWrapperValve.invoke(StandardWrapperValve.java:197)
	at org.apache.catalina.core.StandardContextValve.invoke(StandardContextValve.java:97)
	at org.apache.catalina.authenticator.AuthenticatorBase.invoke(AuthenticatorBase.java:541)
	at org.apache.catalina.core.StandardHostValve.invoke(StandardHostValve.java:135)
	at org.apache.catalina.valves.ErrorReportValve.invoke(ErrorReportValve.java:92)
	at org.apache.catalina.core.StandardEngineValve.invoke(StandardEngineValve.java:78)
	at org.apache.catalina.connector.CoyoteAdapter.service(CoyoteAdapter.java:360)
	at org.apache.coyote.http11.Http11Processor.service(Http11Processor.java:399)
	at org.apache.coyote.AbstractProcessorLight.process(AbstractProcessorLight.java:65)
	at org.apache.coyote.AbstractProtocol$ConnectionHandler.process(AbstractProtocol.java:889)
	at org.apache.tomcat.util.net.NioEndpoint$SocketProcessor.doRun(NioEndpoint.java:1743)
	at org.apache.tomcat.util.net.SocketProcessorBase.run(SocketProcessorBase.java:49)
	at org.apache.tomcat.util.threads.ThreadPoolExecutor.runWorker(ThreadPoolExecutor.java:1191)
	at org.apache.tomcat.util.threads.ThreadPoolExecutor$Worker.run(ThreadPoolExecutor.java:659)
	at org.apache.tomcat.util.threads.TaskThread$WrappingRunnable.run(TaskThread.java:61)
	at java.base/java.lang.Thread.run(Thread.java:834)
2022-09-02 15:02:50,437 INFO com.marklogic.hub.central.controllers.FlowController [http-nio-8080-exec-4] Uploading files to /var/folders/1p/y8j6z17s5vj6brmrpm4stk7w0000gn/T/ingestion-2630281485606706012 in the server. If 'inputFilePath'  is specified in the ingestion step, this path overrides it.
2022-09-02 15:02:50,439 INFO com.marklogic.hub.central.controllers.FlowController [http-nio-8080-exec-4] Files successfully uploaded
2022-09-02 15:02:50,817 INFO com.marklogic.hub.step.impl.FileCollector [pool-1-thread-1] Finding files in directory: /var/folders/1p/y8j6z17s5vj6brmrpm4stk7w0000gn/T/ingestion-2630281485606706012
2022-09-02 15:02:51,444 INFO com.marklogic.client.datamovement.impl.WriteBatcherImpl [pool-1-thread-1] (withForestConfig) Using forests on [localhost] hosts for "data-hub-STAGING"
2022-09-02 15:02:51,446 INFO com.marklogic.client.datamovement.impl.WriteBatcherImpl [pool-1-thread-1] Adding DatabaseClient on port 8010 for host "localhost" to the rotation
2022-09-02 15:02:51,453 INFO com.marklogic.client.datamovement.impl.WriteBatcherImpl [pool-1-thread-1] threadCount=4
2022-09-02 15:02:51,453 INFO com.marklogic.client.datamovement.impl.WriteBatcherImpl [pool-1-thread-1] batchSize=100
2022-09-02 15:02:51,467 INFO com.marklogic.client.datamovement.impl.WriteBatcherImpl [Thread-1] flushing 0 queued docs
2022-09-02 15:03:24,520 INFO com.marklogic.hub.central.controllers.FlowController [http-nio-8080-exec-2] Uploading files to /var/folders/1p/y8j6z17s5vj6brmrpm4stk7w0000gn/T/ingestion-10076036369956462488 in the server. If 'inputFilePath'  is specified in the ingestion step, this path overrides it.
2022-09-02 15:03:24,522 INFO com.marklogic.hub.central.controllers.FlowController [http-nio-8080-exec-2] Files successfully uploaded
2022-09-02 15:03:24,578 INFO com.marklogic.hub.step.impl.FileCollector [pool-3-thread-1] Finding files in directory: /var/folders/1p/y8j6z17s5vj6brmrpm4stk7w0000gn/T/ingestion-10076036369956462488
2022-09-02 15:03:24,586 INFO com.marklogic.client.datamovement.impl.WriteBatcherImpl [pool-3-thread-1] (withForestConfig) Using forests on [localhost] hosts for "data-hub-STAGING"
2022-09-02 15:03:24,587 INFO com.marklogic.client.datamovement.impl.WriteBatcherImpl [pool-3-thread-1] Adding DatabaseClient on port 8010 for host "localhost" to the rotation
2022-09-02 15:03:24,587 INFO com.marklogic.client.datamovement.impl.WriteBatcherImpl [pool-3-thread-1] threadCount=4
2022-09-02 15:03:24,588 INFO com.marklogic.client.datamovement.impl.WriteBatcherImpl [pool-3-thread-1] batchSize=100
2022-09-02 15:03:24,656 INFO com.marklogic.client.datamovement.impl.WriteBatcherImpl [Thread-2] flushing 90 queued docs
2022-09-02 15:03:32,582 INFO com.marklogic.hub.central.entities.search.EntitySearchManager [http-nio-8080-exec-4] <query xmlns="http://marklogic.com/appservices/search" xmlns:search="http://marklogic.com/appservices/search" xmlns:xs="http://www.w3.org/2001/XMLSchema" xmlns:xsi="http://www.w3.org/2001/XMLSchema-instance"><and-query><word-constraint-query><constraint-name>createdByJobWord</constraint-name><text>6de4d953-7192-4772-96cc-1f77f8ccb206</text></word-constraint-query></and-query></query>
2022-09-02 15:03:33,259 INFO com.marklogic.hub.central.entities.search.EntitySearchManager [http-nio-8080-exec-3] <query xmlns="http://marklogic.com/appservices/search" xmlns:search="http://marklogic.com/appservices/search" xmlns:xs="http://www.w3.org/2001/XMLSchema" xmlns:xsi="http://www.w3.org/2001/XMLSchema-instance"><and-query><word-constraint-query><constraint-name>createdByJobWord</constraint-name><text>6de4d953-7192-4772-96cc-1f77f8ccb206</text></word-constraint-query></and-query></query>
2022-09-02 15:03:33,260 INFO com.marklogic.hub.central.controllers.EntitySearchController [http-nio-8080-exec-3] structuredDefinition found!
2022-09-02 15:03:33,260 INFO com.marklogic.hub.central.controllers.EntitySearchController [http-nio-8080-exec-3] <query xmlns="http://marklogic.com/appservices/search" xmlns:search="http://marklogic.com/appservices/search" xmlns:xs="http://www.w3.org/2001/XMLSchema" xmlns:xsi="http://www.w3.org/2001/XMLSchema-instance"><and-query><word-constraint-query><constraint-name>createdByJobWord</constraint-name><text>6de4d953-7192-4772-96cc-1f77f8ccb206</text></word-constraint-query></and-query></query>
2022-09-02 15:03:34,551 INFO com.marklogic.hub.central.entities.search.EntitySearchManager [http-nio-8080-exec-8] <query xmlns="http://marklogic.com/appservices/search" xmlns:search="http://marklogic.com/appservices/search" xmlns:xs="http://www.w3.org/2001/XMLSchema" xmlns:xsi="http://www.w3.org/2001/XMLSchema-instance"><and-query><word-constraint-query><constraint-name>createdByJobWord</constraint-name><text>6de4d953-7192-4772-96cc-1f77f8ccb206</text></word-constraint-query></and-query></query>
2022-09-02 15:03:34,551 INFO com.marklogic.hub.central.controllers.EntitySearchController [http-nio-8080-exec-8] structuredDefinition found!
2022-09-02 15:03:34,551 INFO com.marklogic.hub.central.controllers.EntitySearchController [http-nio-8080-exec-8] <query xmlns="http://marklogic.com/appservices/search" xmlns:search="http://marklogic.com/appservices/search" xmlns:xs="http://www.w3.org/2001/XMLSchema" xmlns:xsi="http://www.w3.org/2001/XMLSchema-instance"><and-query><word-constraint-query><constraint-name>createdByJobWord</constraint-name><text>6de4d953-7192-4772-96cc-1f77f8ccb206</text></word-constraint-query></and-query></query>
2022-09-02 15:03:35,865 INFO com.marklogic.hub.central.entities.search.EntitySearchManager [http-nio-8080-exec-5] <query xmlns="http://marklogic.com/appservices/search" xmlns:search="http://marklogic.com/appservices/search" xmlns:xs="http://www.w3.org/2001/XMLSchema" xmlns:xsi="http://www.w3.org/2001/XMLSchema-instance"><and-query><word-constraint-query><constraint-name>createdByJobWord</constraint-name><text>6de4d953-7192-4772-96cc-1f77f8ccb206</text></word-constraint-query></and-query></query>
2022-09-02 15:03:36,902 INFO com.marklogic.hub.central.entities.search.EntitySearchManager [http-nio-8080-exec-6] <query xmlns="http://marklogic.com/appservices/search" xmlns:search="http://marklogic.com/appservices/search" xmlns:xs="http://www.w3.org/2001/XMLSchema" xmlns:xsi="http://www.w3.org/2001/XMLSchema-instance"><and-query/></query>
2022-09-02 15:32:40,517 ERROR org.apache.juli.logging.DirectJDKLog [http-nio-8080-exec-7] Servlet.service() for servlet [dispatcherServlet] threw exception
java.lang.IllegalStateException: Cannot create a session after the response has been committed
	at org.apache.catalina.connector.Request.doGetSession(Request.java:3060)
	at org.apache.catalina.connector.Request.getSession(Request.java:2492)
	at org.apache.catalina.connector.RequestFacade.getSession(RequestFacade.java:908)
	at javax.servlet.http.HttpServletRequestWrapper.getSession(HttpServletRequestWrapper.java:244)
	at org.apache.catalina.core.ApplicationHttpRequest.getSession(ApplicationHttpRequest.java:585)
	at org.apache.catalina.core.ApplicationHttpRequest.getSession(ApplicationHttpRequest.java:529)
	at com.marklogic.hub.central.auth.SessionMonitorInterceptor.preHandle(SessionMonitorInterceptor.java:31)
	at org.springframework.web.servlet.HandlerExecutionChain.applyPreHandle(HandlerExecutionChain.java:148)
	at org.springframework.web.servlet.DispatcherServlet.doDispatch(DispatcherServlet.java:1062)
	at org.springframework.web.servlet.DispatcherServlet.doService(DispatcherServlet.java:963)
	at org.springframework.web.servlet.FrameworkServlet.processRequest(FrameworkServlet.java:1006)
	at org.springframework.web.servlet.FrameworkServlet.doGet(FrameworkServlet.java:898)
	at javax.servlet.http.HttpServlet.service(HttpServlet.java:655)
	at org.springframework.web.servlet.FrameworkServlet.service(FrameworkServlet.java:883)
	at javax.servlet.http.HttpServlet.service(HttpServlet.java:764)
	at org.apache.catalina.core.ApplicationFilterChain.internalDoFilter(ApplicationFilterChain.java:227)
	at org.apache.catalina.core.ApplicationFilterChain.doFilter(ApplicationFilterChain.java:162)
	at org.springframework.web.filter.OncePerRequestFilter.doFilter(OncePerRequestFilter.java:102)
	at org.apache.catalina.core.ApplicationFilterChain.internalDoFilter(ApplicationFilterChain.java:189)
	at org.apache.catalina.core.ApplicationFilterChain.doFilter(ApplicationFilterChain.java:162)
	at org.springframework.web.filter.RequestContextFilter.doFilterInternal(RequestContextFilter.java:100)
	at org.springframework.web.filter.OncePerRequestFilter.doFilter(OncePerRequestFilter.java:117)
	at org.apache.catalina.core.ApplicationFilterChain.internalDoFilter(ApplicationFilterChain.java:189)
	at org.apache.catalina.core.ApplicationFilterChain.doFilter(ApplicationFilterChain.java:162)
	at org.springframework.web.filter.OncePerRequestFilter.doFilter(OncePerRequestFilter.java:102)
	at org.apache.catalina.core.ApplicationFilterChain.internalDoFilter(ApplicationFilterChain.java:189)
	at org.apache.catalina.core.ApplicationFilterChain.doFilter(ApplicationFilterChain.java:162)
	at org.springframework.web.filter.OncePerRequestFilter.doFilter(OncePerRequestFilter.java:102)
	at org.apache.catalina.core.ApplicationFilterChain.internalDoFilter(ApplicationFilterChain.java:189)
	at org.apache.catalina.core.ApplicationFilterChain.doFilter(ApplicationFilterChain.java:162)
	at org.apache.catalina.core.ApplicationDispatcher.invoke(ApplicationDispatcher.java:711)
	at org.apache.catalina.core.ApplicationDispatcher.doInclude(ApplicationDispatcher.java:578)
	at org.apache.catalina.core.ApplicationDispatcher.include(ApplicationDispatcher.java:517)
	at org.apache.catalina.core.StandardHostValve.custom(StandardHostValve.java:384)
	at org.apache.catalina.core.StandardHostValve.throwable(StandardHostValve.java:327)
	at org.apache.catalina.core.AsyncContextImpl.setErrorState(AsyncContextImpl.java:439)
	at org.apache.catalina.connector.CoyoteAdapter.asyncDispatch(CoyoteAdapter.java:167)
	at org.apache.coyote.AbstractProcessor.dispatch(AbstractProcessor.java:241)
	at org.apache.coyote.AbstractProcessorLight.process(AbstractProcessorLight.java:59)
	at org.apache.coyote.AbstractProtocol$ConnectionHandler.process(AbstractProtocol.java:889)
	at org.apache.tomcat.util.net.NioEndpoint$SocketProcessor.doRun(NioEndpoint.java:1743)
	at org.apache.tomcat.util.net.SocketProcessorBase.run(SocketProcessorBase.java:49)
	at org.apache.tomcat.util.threads.ThreadPoolExecutor.runWorker(ThreadPoolExecutor.java:1191)
	at org.apache.tomcat.util.threads.ThreadPoolExecutor$Worker.run(ThreadPoolExecutor.java:659)
	at org.apache.tomcat.util.threads.TaskThread$WrappingRunnable.run(TaskThread.java:61)
	at java.base/java.lang.Thread.run(Thread.java:834)
2022-09-02 15:32:40,519 ERROR org.apache.juli.logging.DirectJDKLog [http-nio-8080-exec-7] Exception Processing ErrorPage[exceptionType=java.lang.Throwable, location=/error]
org.springframework.web.util.NestedServletException: Request processing failed; nested exception is java.lang.IllegalStateException: Cannot create a session after the response has been committed
	at org.springframework.web.servlet.FrameworkServlet.processRequest(FrameworkServlet.java:1014)
	at org.springframework.web.servlet.FrameworkServlet.doGet(FrameworkServlet.java:898)
	at javax.servlet.http.HttpServlet.service(HttpServlet.java:655)
	at org.springframework.web.servlet.FrameworkServlet.service(FrameworkServlet.java:883)
	at javax.servlet.http.HttpServlet.service(HttpServlet.java:764)
	at org.apache.catalina.core.ApplicationFilterChain.internalDoFilter(ApplicationFilterChain.java:227)
	at org.apache.catalina.core.ApplicationFilterChain.doFilter(ApplicationFilterChain.java:162)
	at org.springframework.web.filter.OncePerRequestFilter.doFilter(OncePerRequestFilter.java:102)
	at org.apache.catalina.core.ApplicationFilterChain.internalDoFilter(ApplicationFilterChain.java:189)
	at org.apache.catalina.core.ApplicationFilterChain.doFilter(ApplicationFilterChain.java:162)
	at org.springframework.web.filter.RequestContextFilter.doFilterInternal(RequestContextFilter.java:100)
	at org.springframework.web.filter.OncePerRequestFilter.doFilter(OncePerRequestFilter.java:117)
	at org.apache.catalina.core.ApplicationFilterChain.internalDoFilter(ApplicationFilterChain.java:189)
	at org.apache.catalina.core.ApplicationFilterChain.doFilter(ApplicationFilterChain.java:162)
	at org.springframework.web.filter.OncePerRequestFilter.doFilter(OncePerRequestFilter.java:102)
	at org.apache.catalina.core.ApplicationFilterChain.internalDoFilter(ApplicationFilterChain.java:189)
	at org.apache.catalina.core.ApplicationFilterChain.doFilter(ApplicationFilterChain.java:162)
	at org.springframework.web.filter.OncePerRequestFilter.doFilter(OncePerRequestFilter.java:102)
	at org.apache.catalina.core.ApplicationFilterChain.internalDoFilter(ApplicationFilterChain.java:189)
	at org.apache.catalina.core.ApplicationFilterChain.doFilter(ApplicationFilterChain.java:162)
	at org.apache.catalina.core.ApplicationDispatcher.invoke(ApplicationDispatcher.java:711)
	at org.apache.catalina.core.ApplicationDispatcher.doInclude(ApplicationDispatcher.java:578)
	at org.apache.catalina.core.ApplicationDispatcher.include(ApplicationDispatcher.java:517)
	at org.apache.catalina.core.StandardHostValve.custom(StandardHostValve.java:384)
	at org.apache.catalina.core.StandardHostValve.throwable(StandardHostValve.java:327)
	at org.apache.catalina.core.AsyncContextImpl.setErrorState(AsyncContextImpl.java:439)
	at org.apache.catalina.connector.CoyoteAdapter.asyncDispatch(CoyoteAdapter.java:167)
	at org.apache.coyote.AbstractProcessor.dispatch(AbstractProcessor.java:241)
	at org.apache.coyote.AbstractProcessorLight.process(AbstractProcessorLight.java:59)
	at org.apache.coyote.AbstractProtocol$ConnectionHandler.process(AbstractProtocol.java:889)
	at org.apache.tomcat.util.net.NioEndpoint$SocketProcessor.doRun(NioEndpoint.java:1743)
	at org.apache.tomcat.util.net.SocketProcessorBase.run(SocketProcessorBase.java:49)
	at org.apache.tomcat.util.threads.ThreadPoolExecutor.runWorker(ThreadPoolExecutor.java:1191)
	at org.apache.tomcat.util.threads.ThreadPoolExecutor$Worker.run(ThreadPoolExecutor.java:659)
	at org.apache.tomcat.util.threads.TaskThread$WrappingRunnable.run(TaskThread.java:61)
	at java.base/java.lang.Thread.run(Thread.java:834)
Caused by: java.lang.IllegalStateException: Cannot create a session after the response has been committed
	at org.apache.catalina.connector.Request.doGetSession(Request.java:3060)
	at org.apache.catalina.connector.Request.getSession(Request.java:2492)
	at org.apache.catalina.connector.RequestFacade.getSession(RequestFacade.java:908)
	at javax.servlet.http.HttpServletRequestWrapper.getSession(HttpServletRequestWrapper.java:244)
	at org.apache.catalina.core.ApplicationHttpRequest.getSession(ApplicationHttpRequest.java:585)
	at org.apache.catalina.core.ApplicationHttpRequest.getSession(ApplicationHttpRequest.java:529)
	at com.marklogic.hub.central.auth.SessionMonitorInterceptor.preHandle(SessionMonitorInterceptor.java:31)
	at org.springframework.web.servlet.HandlerExecutionChain.applyPreHandle(HandlerExecutionChain.java:148)
	at org.springframework.web.servlet.DispatcherServlet.doDispatch(DispatcherServlet.java:1062)
	at org.springframework.web.servlet.DispatcherServlet.doService(DispatcherServlet.java:963)
	at org.springframework.web.servlet.FrameworkServlet.processRequest(FrameworkServlet.java:1006)
	... 35 common frames omitted
2022-09-02 15:41:58,194 INFO com.marklogic.appdeployer.DefaultAppConfigFactory [http-nio-8080-exec-4] App host: localhost
2022-09-02 15:41:58,195 INFO com.marklogic.appdeployer.DefaultAppConfigFactory [http-nio-8080-exec-4] REST admin username: dh
2022-09-02 15:41:58,195 INFO com.marklogic.appdeployer.DefaultAppConfigFactory [http-nio-8080-exec-4] App Services username: dh
2022-09-02 15:41:58,196 INFO com.marklogic.mgmt.admin.DefaultAdminConfigFactory [http-nio-8080-exec-4] Admin interface host: localhost
2022-09-02 15:41:58,196 INFO com.marklogic.mgmt.admin.DefaultAdminConfigFactory [http-nio-8080-exec-4] Admin interface username: dh
2022-09-02 15:41:58,196 INFO com.marklogic.mgmt.DefaultManageConfigFactory [http-nio-8080-exec-4] Manage host: localhost
2022-09-02 15:41:58,196 INFO com.marklogic.mgmt.DefaultManageConfigFactory [http-nio-8080-exec-4] Manage username: dh
2022-09-02 15:41:58,197 INFO com.marklogic.mgmt.DefaultManageConfigFactory [http-nio-8080-exec-4] Manage user with security role: dh
2022-09-02 15:41:58,206 INFO com.marklogic.mgmt.ManageClient [http-nio-8080-exec-4] Initializing ManageClient with manage config of: [ManageConfig host: localhost, port: 8002, username: dh, security username: dh]
2022-09-02 15:41:58,216 INFO com.marklogic.mgmt.ManageClient [http-nio-8080-exec-4] Initializing ManageClient with manage config of: [ManageConfig host: localhost, port: 8002, username: dh, security username: dh]
2022-09-02 15:45:38,785 INFO com.marklogic.hub.central.controllers.FlowController [http-nio-8080-exec-5] Uploading files to /var/folders/1p/y8j6z17s5vj6brmrpm4stk7w0000gn/T/ingestion-13533526475587925897 in the server. If 'inputFilePath'  is specified in the ingestion step, this path overrides it.
2022-09-02 15:45:38,786 INFO com.marklogic.hub.central.controllers.FlowController [http-nio-8080-exec-5] Files successfully uploaded
2022-09-02 15:45:39,121 INFO com.marklogic.hub.step.impl.FileCollector [pool-5-thread-1] Finding files in directory: /var/folders/1p/y8j6z17s5vj6brmrpm4stk7w0000gn/T/ingestion-13533526475587925897
2022-09-02 15:45:39,774 INFO com.marklogic.client.datamovement.impl.WriteBatcherImpl [pool-5-thread-1] (withForestConfig) Using forests on [localhost] hosts for "data-hub-STAGING"
2022-09-02 15:45:39,774 INFO com.marklogic.client.datamovement.impl.WriteBatcherImpl [pool-5-thread-1] Adding DatabaseClient on port 8010 for host "localhost" to the rotation
2022-09-02 15:45:39,775 INFO com.marklogic.client.datamovement.impl.WriteBatcherImpl [pool-5-thread-1] threadCount=4
2022-09-02 15:45:39,775 INFO com.marklogic.client.datamovement.impl.WriteBatcherImpl [pool-5-thread-1] batchSize=100
2022-09-02 15:45:39,776 INFO com.marklogic.client.datamovement.impl.WriteBatcherImpl [Thread-6] flushing 0 queued docs
2022-09-02 15:46:55,743 INFO com.marklogic.hub.central.controllers.FlowController [http-nio-8080-exec-10] Uploading files to /var/folders/1p/y8j6z17s5vj6brmrpm4stk7w0000gn/T/ingestion-14088479325180206369 in the server. If 'inputFilePath'  is specified in the ingestion step, this path overrides it.
2022-09-02 15:46:55,744 INFO com.marklogic.hub.central.controllers.FlowController [http-nio-8080-exec-10] Files successfully uploaded
2022-09-02 15:46:55,797 INFO com.marklogic.hub.step.impl.FileCollector [pool-7-thread-1] Finding files in directory: /var/folders/1p/y8j6z17s5vj6brmrpm4stk7w0000gn/T/ingestion-14088479325180206369
2022-09-02 15:46:55,804 INFO com.marklogic.client.datamovement.impl.WriteBatcherImpl [pool-7-thread-1] (withForestConfig) Using forests on [localhost] hosts for "data-hub-STAGING"
2022-09-02 15:46:55,805 INFO com.marklogic.client.datamovement.impl.WriteBatcherImpl [pool-7-thread-1] Adding DatabaseClient on port 8010 for host "localhost" to the rotation
2022-09-02 15:46:55,805 INFO com.marklogic.client.datamovement.impl.WriteBatcherImpl [pool-7-thread-1] threadCount=4
2022-09-02 15:46:55,806 INFO com.marklogic.client.datamovement.impl.WriteBatcherImpl [pool-7-thread-1] batchSize=100
2022-09-02 15:46:55,807 INFO com.marklogic.client.datamovement.impl.WriteBatcherImpl [Thread-7] flushing 0 queued docs
2022-09-02 15:47:11,725 INFO com.marklogic.hub.central.controllers.FlowController [http-nio-8080-exec-2] Uploading files to /var/folders/1p/y8j6z17s5vj6brmrpm4stk7w0000gn/T/ingestion-14836975794492487073 in the server. If 'inputFilePath'  is specified in the ingestion step, this path overrides it.
2022-09-02 15:47:11,726 INFO com.marklogic.hub.central.controllers.FlowController [http-nio-8080-exec-2] Files successfully uploaded
2022-09-02 15:47:11,767 INFO com.marklogic.hub.step.impl.FileCollector [pool-9-thread-1] Finding files in directory: /var/folders/1p/y8j6z17s5vj6brmrpm4stk7w0000gn/T/ingestion-14836975794492487073
2022-09-02 15:47:11,773 INFO com.marklogic.client.datamovement.impl.WriteBatcherImpl [pool-9-thread-1] (withForestConfig) Using forests on [localhost] hosts for "data-hub-STAGING"
2022-09-02 15:47:11,773 INFO com.marklogic.client.datamovement.impl.WriteBatcherImpl [pool-9-thread-1] Adding DatabaseClient on port 8010 for host "localhost" to the rotation
2022-09-02 15:47:11,774 INFO com.marklogic.client.datamovement.impl.WriteBatcherImpl [pool-9-thread-1] threadCount=4
2022-09-02 15:47:11,774 INFO com.marklogic.client.datamovement.impl.WriteBatcherImpl [pool-9-thread-1] batchSize=100
2022-09-02 15:47:11,805 INFO com.marklogic.client.datamovement.impl.WriteBatcherImpl [Thread-8] flushing 90 queued docs
2022-09-02 17:36:29,849 INFO com.marklogic.appdeployer.DefaultAppConfigFactory [http-nio-8080-exec-8] App host: localhost
2022-09-02 17:36:29,850 INFO com.marklogic.appdeployer.DefaultAppConfigFactory [http-nio-8080-exec-8] REST admin username: dh
2022-09-02 17:36:29,850 INFO com.marklogic.appdeployer.DefaultAppConfigFactory [http-nio-8080-exec-8] App Services username: dh
2022-09-02 17:36:29,850 INFO com.marklogic.mgmt.admin.DefaultAdminConfigFactory [http-nio-8080-exec-8] Admin interface host: localhost
2022-09-02 17:36:29,851 INFO com.marklogic.mgmt.admin.DefaultAdminConfigFactory [http-nio-8080-exec-8] Admin interface username: dh
2022-09-02 17:36:29,851 INFO com.marklogic.mgmt.DefaultManageConfigFactory [http-nio-8080-exec-8] Manage host: localhost
2022-09-02 17:36:29,851 INFO com.marklogic.mgmt.DefaultManageConfigFactory [http-nio-8080-exec-8] Manage username: dh
2022-09-02 17:36:29,851 INFO com.marklogic.mgmt.DefaultManageConfigFactory [http-nio-8080-exec-8] Manage user with security role: dh
2022-09-02 17:36:29,862 INFO com.marklogic.mgmt.ManageClient [http-nio-8080-exec-8] Initializing ManageClient with manage config of: [ManageConfig host: localhost, port: 8002, username: dh, security username: dh]
2022-09-02 17:36:29,875 INFO com.marklogic.mgmt.ManageClient [http-nio-8080-exec-8] Initializing ManageClient with manage config of: [ManageConfig host: localhost, port: 8002, username: dh, security username: dh]
2022-09-02 17:43:04,341 INFO com.marklogic.hub.central.controllers.ModelController [http-nio-8080-exec-3] Deploying search options
